# JRE version: Java(TM) SE Runtime Environment (8.0_112-b15) (build 1.8.0_112-b15)
# Java VM: Java HotSpot(TM) 64-Bit Server VM (25.112-b15 mixed mode windows-amd64 compressed oops)
Heap:
 PSYoungGen      total 176128K, used 34696K [0x000000076af80000, 0x0000000777500000, 0x00000007c0000000)
  eden space 156160K, 10% used [0x000000076af80000,0x000000076bff2038,0x0000000774800000)
  from space 19968K, 89% used [0x0000000776180000,0x00000007772f0000,0x0000000777500000)
  to   space 23040K, 0% used [0x0000000774800000,0x0000000774800000,0x0000000775e80000)
 ParOldGen       total 251904K, used 32815K [0x00000006c0e00000, 0x00000006d0400000, 0x000000076af80000)
  object space 251904K, 13% used [0x00000006c0e00000,0x00000006c2e0be58,0x00000006d0400000)
 Metaspace       used 34152K, capacity 37244K, committed 37336K, reserved 1081344K
  class space    used 4593K, capacity 5075K, committed 5120K, reserved 1048576K
GC Heap History (10 events):
Event: 30.472 GC heap before
{Heap before GC invocations=6 (full 2):
 PSYoungGen      total 113152K, used 512K [0x000000076af80000, 0x0000000773a80000, 0x00000007c0000000)
  eden space 112640K, 0% used [0x000000076af80000,0x000000076af80000,0x0000000771d80000)
  from space 512K, 100% used [0x0000000773a00000,0x0000000773a80000,0x0000000773a80000)
  to   space 10752K, 0% used [0x0000000772580000,0x0000000772580000,0x0000000773000000)
 ParOldGen       total 124928K, used 38672K [0x00000006c0e00000, 0x00000006c8800000, 0x000000076af80000)
  object space 124928K, 30% used [0x00000006c0e00000,0x00000006c33c4050,0x00000006c8800000)
 Metaspace       used 32411K, capacity 35344K, committed 35416K, reserved 1079296K
  class space    used 4518K, capacity 4992K, committed 4992K, reserved 1048576K
Event: 30.547 GC heap after
Heap after GC invocations=6 (full 2):
 PSYoungGen      total 113152K, used 0K [0x000000076af80000, 0x0000000773a80000, 0x00000007c0000000)
  eden space 112640K, 0% used [0x000000076af80000,0x000000076af80000,0x0000000771d80000)
  from space 512K, 0% used [0x0000000773a00000,0x0000000773a00000,0x0000000773a80000)
  to   space 10752K, 0% used [0x0000000772580000,0x0000000772580000,0x0000000773000000)
 ParOldGen       total 251904K, used 32783K [0x00000006c0e00000, 0x00000006d0400000, 0x000000076af80000)
  object space 251904K, 13% used [0x00000006c0e00000,0x00000006c2e03e58,0x00000006d0400000)
 Metaspace       used 32411K, capacity 35344K, committed 35416K, reserved 1079296K
  class space    used 4518K, capacity 4992K, committed 4992K, reserved 1048576K
}
Event: 35.861 GC heap before
{Heap before GC invocations=7 (full 2):
 PSYoungGen      total 113152K, used 112640K [0x000000076af80000, 0x0000000773a80000, 0x00000007c0000000)
  eden space 112640K, 100% used [0x000000076af80000,0x0000000771d80000,0x0000000771d80000)
  from space 512K, 0% used [0x0000000773a00000,0x0000000773a00000,0x0000000773a80000)
  to   space 10752K, 0% used [0x0000000772580000,0x0000000772580000,0x0000000773000000)
 ParOldGen       total 251904K, used 32783K [0x00000006c0e00000, 0x00000006d0400000, 0x000000076af80000)
  object space 251904K, 13% used [0x00000006c0e00000,0x00000006c2e03e58,0x00000006d0400000)
 Metaspace       used 33100K, capacity 36100K, committed 36312K, reserved 1081344K
  class space    used 4558K, capacity 5041K, committed 5120K, reserved 1048576K
Event: 35.867 GC heap after
Heap after GC invocations=7 (full 2):
 PSYoungGen      total 131584K, used 5248K [0x000000076af80000, 0x0000000776380000, 0x00000007c0000000)
  eden space 120832K, 0% used [0x000000076af80000,0x000000076af80000,0x0000000772580000)
  from space 10752K, 48% used [0x0000000772580000,0x0000000772aa0000,0x0000000773000000)
  to   space 23552K, 0% used [0x0000000774c80000,0x0000000774c80000,0x0000000776380000)
 ParOldGen       total 251904K, used 32791K [0x00000006c0e00000, 0x00000006d0400000, 0x000000076af80000)
  object space 251904K, 13% used [0x00000006c0e00000,0x00000006c2e05e58,0x00000006d0400000)
 Metaspace       used 33100K, capacity 36100K, committed 36312K, reserved 1081344K
  class space    used 4558K, capacity 5041K, committed 5120K, reserved 1048576K
}
Event: 41.070 GC heap before
{Heap before GC invocations=8 (full 2):
 PSYoungGen      total 131584K, used 126080K [0x000000076af80000, 0x0000000776380000, 0x00000007c0000000)
  eden space 120832K, 100% used [0x000000076af80000,0x0000000772580000,0x0000000772580000)
  from space 10752K, 48% used [0x0000000772580000,0x0000000772aa0000,0x0000000773000000)
  to   space 23552K, 0% used [0x0000000774c80000,0x0000000774c80000,0x0000000776380000)
 ParOldGen       total 251904K, used 32791K [0x00000006c0e00000, 0x00000006d0400000, 0x000000076af80000)
  object space 251904K, 13% used [0x00000006c0e00000,0x00000006c2e05e58,0x00000006d0400000)
 Metaspace       used 33403K, capacity 36464K, committed 36568K, reserved 1081344K
  class space    used 4562K, capacity 5047K, committed 5120K, reserved 1048576K
Event: 41.079 GC heap after
Heap after GC invocations=8 (full 2):
 PSYoungGen      total 162304K, used 12032K [0x000000076af80000, 0x0000000776680000, 0x00000007c0000000)
  eden space 138752K, 0% used [0x000000076af80000,0x000000076af80000,0x0000000773700000)
  from space 23552K, 51% used [0x0000000774c80000,0x0000000775840000,0x0000000776380000)
  to   space 22016K, 0% used [0x0000000773700000,0x0000000773700000,0x0000000774c80000)
 ParOldGen       total 251904K, used 32799K [0x00000006c0e00000, 0x00000006d0400000, 0x000000076af80000)
  object space 251904K, 13% used [0x00000006c0e00000,0x00000006c2e07e58,0x00000006d0400000)
 Metaspace       used 33403K, capacity 36464K, committed 36568K, reserved 1081344K
  class space    used 4562K, capacity 5047K, committed 5120K, reserved 1048576K
}
Event: 75.366 GC heap before
{Heap before GC invocations=9 (full 2):
 PSYoungGen      total 162304K, used 150784K [0x000000076af80000, 0x0000000776680000, 0x00000007c0000000)
  eden space 138752K, 100% used [0x000000076af80000,0x0000000773700000,0x0000000773700000)
  from space 23552K, 51% used [0x0000000774c80000,0x0000000775840000,0x0000000776380000)
  to   space 22016K, 0% used [0x0000000773700000,0x0000000773700000,0x0000000774c80000)
 ParOldGen       total 251904K, used 32799K [0x00000006c0e00000, 0x00000006d0400000, 0x000000076af80000)
  object space 251904K, 13% used [0x00000006c0e00000,0x00000006c2e07e58,0x00000006d0400000)
 Metaspace       used 33956K, capacity 37098K, committed 37336K, reserved 1081344K
  class space    used 4591K, capacity 5072K, committed 5120K, reserved 1048576K
Event: 75.378 GC heap after
Heap after GC invocations=9 (full 2):
 PSYoungGen      total 160768K, used 15936K [0x000000076af80000, 0x0000000777780000, 0x00000007c0000000)
  eden space 138752K, 0% used [0x000000076af80000,0x000000076af80000,0x0000000773700000)
  from space 22016K, 72% used [0x0000000773700000,0x0000000774690000,0x0000000774c80000)
  to   space 22528K, 0% used [0x0000000776180000,0x0000000776180000,0x0000000777780000)
 ParOldGen       total 251904K, used 32807K [0x00000006c0e00000, 0x00000006d0400000, 0x000000076af80000)
  object space 251904K, 13% used [0x00000006c0e00000,0x00000006c2e09e58,0x00000006d0400000)
 Metaspace       used 33956K, capacity 37098K, committed 37336K, reserved 1081344K
  class space    used 4591K, capacity 5072K, committed 5120K, reserved 1048576K
}
Event: 88.857 GC heap before
{Heap before GC invocations=10 (full 2):
 PSYoungGen      total 160768K, used 154688K [0x000000076af80000, 0x0000000777780000, 0x00000007c0000000)
  eden space 138752K, 100% used [0x000000076af80000,0x0000000773700000,0x0000000773700000)
  from space 22016K, 72% used [0x0000000773700000,0x0000000774690000,0x0000000774c80000)
  to   space 22528K, 0% used [0x0000000776180000,0x0000000776180000,0x0000000777780000)
 ParOldGen       total 251904K, used 32807K [0x00000006c0e00000, 0x00000006d0400000, 0x000000076af80000)
  object space 251904K, 13% used [0x00000006c0e00000,0x00000006c2e09e58,0x00000006d0400000)
 Metaspace       used 34128K, capacity 37244K, committed 37336K, reserved 1081344K
  class space    used 4593K, capacity 5075K, committed 5120K, reserved 1048576K
Event: 88.868 GC heap after
Heap after GC invocations=10 (full 2):
 PSYoungGen      total 176128K, used 17856K [0x000000076af80000, 0x0000000777500000, 0x00000007c0000000)
  eden space 156160K, 0% used [0x000000076af80000,0x000000076af80000,0x0000000774800000)
  from space 19968K, 89% used [0x0000000776180000,0x00000007772f0000,0x0000000777500000)
  to   space 23040K, 0% used [0x0000000774800000,0x0000000774800000,0x0000000775e80000)
 ParOldGen       total 251904K, used 32815K [0x00000006c0e00000, 0x00000006d0400000, 0x000000076af80000)
  object space 251904K, 13% used [0x00000006c0e00000,0x00000006c2e0be58,0x00000006d0400000)
 Metaspace       used 34128K, capacity 37244K, committed 37336K, reserved 1081344K
  class space    used 4593K, capacity 5075K, committed 5120K, reserved 1048576K
}

